<?xml version="1.0" encoding="UTF-8"?>
<!-- Generated by org.testng.reporters.JUnitReportReporter -->
<testsuite hostname="PARADIGMSHIFT" failures="0" tests="1" name="com.facebooksignup.AppTest" time="0.008" errors="0" timestamp="2023-02-06T22:27:19 IST" skipped="0">
  <testcase classname="com.facebooksignup.AppTest" name="shouldAnswerWithTrue" time="0.008"/>
</testsuite> <!-- com.facebooksignup.AppTest -->
